[debug] [2022-07-19T01:55:39.021Z] ----------------------------------------------------------------------
[debug] [2022-07-19T01:55:39.024Z] Command:       /Users/phamhagiang/.nvm/versions/node/v16.10.0/bin/node /Users/phamhagiang/.nvm/versions/node/v16.10.0/bin/firebase deploy
[debug] [2022-07-19T01:55:39.025Z] CLI Version:   11.1.0
[debug] [2022-07-19T01:55:39.025Z] Platform:      darwin
[debug] [2022-07-19T01:55:39.025Z] Node Version:  v16.10.0
[debug] [2022-07-19T01:55:39.033Z] Time:          Tue Jul 19 2022 08:55:39 GMT+0700 (Indochina Time)
[debug] [2022-07-19T01:55:39.033Z] ----------------------------------------------------------------------
[debug] 
[debug] [2022-07-19T01:55:39.037Z] >>> [apiv2][query] GET https://firebase-public.firebaseio.com/cli.json [none]
[debug] [2022-07-19T01:55:39.151Z] > command requires scopes: ["email","openid","https://www.googleapis.com/auth/cloudplatformprojects.readonly","https://www.googleapis.com/auth/firebase","https://www.googleapis.com/auth/cloud-platform"]
[debug] [2022-07-19T01:55:39.151Z] > authorizing via signed-in user (phamhagiang1009@gmail.com)
[debug] [2022-07-19T01:55:39.152Z] [iam] checking project basketball-playground-b592d for permissions ["firebase.projects.get","firebasehosting.sites.update"]
[debug] [2022-07-19T01:55:39.153Z] > refreshing access token with scopes: []
[debug] [2022-07-19T01:55:39.154Z] >>> [apiv2][query] POST https://www.googleapis.com/oauth2/v3/token [none]
[debug] [2022-07-19T01:55:39.154Z] >>> [apiv2][body] POST https://www.googleapis.com/oauth2/v3/token [omitted]
[debug] [2022-07-19T01:55:39.674Z] <<< [apiv2][status] POST https://www.googleapis.com/oauth2/v3/token 400
[debug] [2022-07-19T01:55:39.674Z] <<< [apiv2][body] POST https://www.googleapis.com/oauth2/v3/token [omitted]
[debug] [2022-07-19T01:55:39.674Z] >>> [apiv2][query] POST https://cloudresourcemanager.googleapis.com/v1/projects/basketball-playground-b592d:testIamPermissions [none]
[debug] [2022-07-19T01:55:39.675Z] >>> [apiv2][body] POST https://cloudresourcemanager.googleapis.com/v1/projects/basketball-playground-b592d:testIamPermissions {"permissions":["firebase.projects.get","firebasehosting.sites.update"]}
[debug] [2022-07-19T01:55:40.992Z] <<< [apiv2][status] GET https://firebase-public.firebaseio.com/cli.json 200
[debug] [2022-07-19T01:55:40.992Z] <<< [apiv2][body] GET https://firebase-public.firebaseio.com/cli.json {"cloudBuildErrorAfter":1594252800000,"cloudBuildWarnAfter":1590019200000,"defaultNode10After":1594252800000,"minVersion":"3.0.5","node8DeploysDisabledAfter":1613390400000,"node8RuntimeDisabledAfter":1615809600000,"node8WarnAfter":1600128000000}
[debug] [2022-07-19T01:55:41.035Z] <<< [apiv2][status] POST https://cloudresourcemanager.googleapis.com/v1/projects/basketball-playground-b592d:testIamPermissions 401
[debug] [2022-07-19T01:55:41.036Z] <<< [apiv2][body] POST https://cloudresourcemanager.googleapis.com/v1/projects/basketball-playground-b592d:testIamPermissions {"error":{"code":401,"message":"Request had invalid authentication credentials. Expected OAuth 2 access token, login cookie or other valid authentication credential. See https://developers.google.com/identity/sign-in/web/devconsole-project.","status":"UNAUTHENTICATED","details":[{"@type":"type.googleapis.com/google.rpc.ErrorInfo","reason":"ACCESS_TOKEN_TYPE_UNSUPPORTED","metadata":{"method":"google.cloudresourcemanager.v1.Projects.TestIamPermissions","service":"cloudresourcemanager.googleapis.com"}}]}}
[debug] [2022-07-19T01:55:41.037Z] [iam] error while checking permissions, command may fail: FirebaseError: HTTP Error: 401, Request had invalid authentication credentials. Expected OAuth 2 access token, login cookie or other valid authentication credential. See https://developers.google.com/identity/sign-in/web/devconsole-project.
[debug] [2022-07-19T01:55:41.037Z] > refreshing access token with scopes: []
[debug] [2022-07-19T01:55:41.038Z] >>> [apiv2][query] POST https://www.googleapis.com/oauth2/v3/token [none]
[debug] [2022-07-19T01:55:41.038Z] >>> [apiv2][body] POST https://www.googleapis.com/oauth2/v3/token [omitted]
[debug] [2022-07-19T01:55:41.404Z] <<< [apiv2][status] POST https://www.googleapis.com/oauth2/v3/token 400
[debug] [2022-07-19T01:55:41.404Z] <<< [apiv2][body] POST https://www.googleapis.com/oauth2/v3/token [omitted]
[debug] [2022-07-19T01:55:41.405Z] >>> [apiv2][query] GET https://firebase.googleapis.com/v1beta1/projects/basketball-playground-b592d [none]
[debug] [2022-07-19T01:55:41.916Z] <<< [apiv2][status] GET https://firebase.googleapis.com/v1beta1/projects/basketball-playground-b592d 401
[debug] [2022-07-19T01:55:41.916Z] <<< [apiv2][body] GET https://firebase.googleapis.com/v1beta1/projects/basketball-playground-b592d {"error":{"code":401,"message":"Request had invalid authentication credentials. Expected OAuth 2 access token, login cookie or other valid authentication credential. See https://developers.google.com/identity/sign-in/web/devconsole-project.","status":"UNAUTHENTICATED"}}
[debug] [2022-07-19T01:55:41.916Z] HTTP Error: 401, Request had invalid authentication credentials. Expected OAuth 2 access token, login cookie or other valid authentication credential. See https://developers.google.com/identity/sign-in/web/devconsole-project.
[debug] [2022-07-19T01:55:42.433Z] FirebaseError: HTTP Error: 401, Request had invalid authentication credentials. Expected OAuth 2 access token, login cookie or other valid authentication credential. See https://developers.google.com/identity/sign-in/web/devconsole-project.
    at responseToError (/Users/phamhagiang/.nvm/versions/node/v16.10.0/lib/node_modules/firebase-tools/lib/responseToError.js:49:12)
    at RetryOperation._fn (/Users/phamhagiang/.nvm/versions/node/v16.10.0/lib/node_modules/firebase-tools/lib/apiv2.js:287:77)
    at processTicksAndRejections (node:internal/process/task_queues:96:5)
[error] 
[error] Error: Failed to get Firebase project basketball-playground-b592d. Please make sure the project exists and your account has permission to access it.
